<?xml version="1.0" encoding="UTF-8"?>
<beans xmlns="http://www.springframework.org/schema/beans"
	xmlns:xsi="http://www.w3.org/2001/XMLSchema-instance" xmlns:mongo="http://www.springframework.org/schema/data/mongo"
	xmlns:context="http://www.springframework.org/schema/context"
	xsi:schemaLocation="http://www.springframework.org/schema/data/mongo http://www.springframework.org/schema/data/mongo/spring-mongo-1.2.xsd
		http://www.springframework.org/schema/beans http://www.springframework.org/schema/beans/spring-beans.xsd
		http://www.springframework.org/schema/context http://www.springframework.org/schema/context/spring-context.xsd">

	<mongo:db-factory host="localhost" port="27017"
		dbname="excel" />

	<bean id="mongoTemplate" class="org.springframework.data.mongodb.core.MongoTemplate">
		<constructor-arg ref="mongoDbFactory" />
	</bean>

	<mongo:repositories base-package="com.yodes.excel.api.model.dao" />

	<context:component-scan base-package="com.yodes.excel.api.model.dao" />

	<mongo:mapping-converter id="converter"
		db-factory-ref="mongoDbFactory" />

	<!-- MongoDB GridFS Template -->
	<bean id="gridTemplate" class="org.springframework.data.mongodb.gridfs.GridFsTemplate">
		<constructor-arg ref="mongoDbFactory" />
		<constructor-arg ref="converter" />
	</bean>

</beans>
